TN:
SF:src/streamHelpers.ts
FN:8,(anonymous_0)
FN:13,(anonymous_1)
FN:24,(anonymous_2)
FN:49,(anonymous_3)
FN:59,(anonymous_4)
FN:74,(anonymous_5)
FNF:6
FNH:6
FNDA:6,(anonymous_0)
FNDA:3,(anonymous_1)
FNDA:5,(anonymous_2)
FNDA:1,(anonymous_3)
FNDA:1,(anonymous_4)
FNDA:3,(anonymous_5)
DA:1,1
DA:4,1
DA:9,6
DA:10,6
DA:14,3
DA:15,3
DA:17,3
DA:18,7
DA:21,3
DA:25,5
DA:26,5
DA:27,5
DA:33,2
DA:34,2
DA:35,2
DA:36,2
DA:40,0
DA:42,3
DA:43,3
DA:45,0
DA:50,1
DA:51,1
DA:56,1
DA:60,1
DA:62,1
DA:63,1
DA:71,1
DA:78,3
DA:79,3
DA:82,3
DA:83,3
DA:84,1
DA:85,1
DA:89,3
DA:90,3
DA:91,3
DA:93,3
DA:94,7
DA:95,7
DA:100,7
DA:101,7
DA:104,7
DA:105,1
DA:110,3
DA:111,0
DA:114,3
DA:119,0
DA:120,0
DA:122,0
LF:49
LH:43
BRDA:13,0,0,0
BRDA:34,1,0,2
BRDA:42,2,0,3
BRDA:60,3,0,0
BRDA:83,4,0,1
BRDA:91,5,0,1
BRDA:91,5,1,2
BRDA:94,6,0,7
BRDA:104,7,0,1
BRDA:104,8,0,7
BRDA:104,8,1,7
BRDA:104,8,2,1
BRDA:110,9,0,0
BRDA:119,10,0,0
BRDA:119,11,0,0
BRDA:119,11,1,0
BRF:16
BRH:10
end_of_record
