TN:
SF:src/account.ts
FN:9,(anonymous_0)
FN:16,(anonymous_1)
FN:51,(anonymous_2)
FN:63,(anonymous_3)
FN:72,(anonymous_4)
FN:81,(anonymous_5)
FNF:6
FNH:6
FNDA:7,(anonymous_0)
FNDA:4,(anonymous_1)
FNDA:1,(anonymous_2)
FNDA:1,(anonymous_3)
FNDA:1,(anonymous_4)
FNDA:2,(anonymous_5)
DA:1,2
DA:5,2
DA:7,2
DA:9,7
DA:10,7
DA:17,4
DA:19,1
DA:28,1
DA:29,1
DA:36,2
DA:37,2
DA:38,1
DA:40,1
DA:47,0
DA:52,1
DA:60,1
DA:64,1
DA:69,1
DA:73,1
DA:78,1
DA:82,2
DA:83,2
LF:22
LH:21
BRDA:17,0,0,1
BRDA:17,0,1,1
BRDA:17,0,2,2
BRDA:17,0,3,0
BRDA:20,1,0,1
BRDA:20,1,1,1
BRDA:28,2,0,0
BRDA:36,3,0,0
BRDA:37,4,0,1
BRDA:47,5,0,0
BRDA:47,5,1,0
BRDA:83,6,0,2
BRDA:83,6,1,1
BRF:13
BRH:8
end_of_record
